<?xml version="1.0" encoding="UTF-8"?>
<!-- Generated by org.testng.reporters.JUnitXMLReporter -->
<testsuite ignored="0" hostname="LAPTOP-5IRFS08T" failures="0" tests="4" name="Default test" time="28.064" errors="0" timestamp="04 Apr 2021 05:43:04 GMT">
  <testcase classname="org.parametersi.FacrbookLogin" name="tc1" time="8.697"/>
  <testcase classname="org.parametersi.FacrbookLogin" name="tc1" time="6.195"/>
  <testcase classname="org.parametersi.FacrbookLogin" name="tc1" time="5.696"/>
  <testcase classname="org.parametersi.FacrbookLogin" name="tc1" time="7.378"/>
</testsuite> <!-- Default test -->
