<?xml version="1.0" encoding="UTF-8"?>
<!-- Generated by org.testng.reporters.JUnitXMLReporter -->
<testsuite ignored="4" hostname="LAPTOP-5IRFS08T" failures="0" tests="7" name="Test" time="0.182" errors="0" timestamp="04 Apr 2021 09:10:30 GMT">
  <testcase classname="org.ktm.Priority" name="test1" time="0.019"/>
  <testcase classname="org.ktm.Priority" name="test3" time="0.002"/>
  <testcase classname="org.ktm.Priority" name="test4" time="0.007"/>
  <testcase classname="org.ktm.PracticeSuite" name="test11" time="0.006"/>
  <testcase classname="org.ktm.PracticeSuite" name="test33" time="0.01"/>
  <testcase classname="org.ktm.PracticeSuite1" name="test111" time="0.008"/>
  <testcase classname="org.ktm.PracticeSuite1" name="test222" time="0.008"/>
  <testcase classname="org.ktm.PracticeSuite" name="test44" time="0.0">
    <ignored/>
  </testcase> <!-- test44 -->
  <testcase classname="org.ktm.PracticeSuite" name="test22" time="0.0">
    <ignored/>
  </testcase> <!-- test22 -->
  <testcase classname="org.ktm.PracticeSuite1" name="test333" time="0.0">
    <ignored/>
  </testcase> <!-- test333 -->
  <testcase classname="org.ktm.Priority" name="test2" time="0.0">
    <ignored/>
  </testcase> <!-- test2 -->
</testsuite> <!-- Test -->
